Arguments: 
  /opt/homebrew/Cellar/node/17.4.0/bin/node /opt/homebrew/Cellar/yarn/1.22.17_2/libexec/bin/yarn.js

PATH: 
  /Users/damiensauvagere/Library/pnpm:/opt/homebrew/bin:/Users/damiensauvagere/.nvm/versions/node/v14.17.6/bin:/opt/homebrew/bin:/usr/local/bin:/usr/bin:/bin:/usr/sbin:/sbin:/usr/local/MacGPG2/bin:/opt/X11/bin:/Library/Apple/usr/bin:/Users/damiensauvagere/.cargo/bin:/Users/damiensauvagere/.fig/bin:/Applications/flutter/bin:/Applications/flutter/bin

Yarn version: 
  1.22.17

Node version: 
  17.4.0

Platform: 
  darwin arm64

Trace: 
  Error: EEXIST: file already exists, mkdir '/Users/damiensauvagere/dev/react-chakra-select-example/node_modules/eslint-module-utils/node_modules'

npm manifest: 
  {
    "name": "react-typescript",
    "version": "1.0.0",
    "description": "React and TypeScript example starter project",
    "keywords": [
      "typescript",
      "react",
      "starter"
    ],
    "main": "src/index.tsx",
    "dependencies": {
      "@chakra-ui/react": "^1.8.5",
      "@emotion/react": "^11",
      "@emotion/styled": "^11",
      "chakra-react-select": "^3.0.4",
      "framer-motion": "4.1.17",
      "react": "17.0.2",
      "react-dom": "17.0.2",
      "react-hook-form": "^7.27.1",
      "react-scripts": "4.0.3"
    },
    "devDependencies": {
      "@types/react": "17.0.20",
      "@types/react-dom": "17.0.9",
      "typescript": "4.4.2"
    },
    "scripts": {
      "start": "react-scripts start",
      "build": "react-scripts build",
      "test": "react-scripts test --env=jsdom",
      "eject": "react-scripts eject"
    },
    "browserslist": [
      ">0.2%",
      "not dead",
      "not ie <= 11",
      "not op_mini all"
    ]
  }

yarn manifest: 
  No manifest

Lockfile: 
  No lockfile
